{"C:\\Users\\Carme\\Documents\\skylab\\bootcamp\\collab\\skylab-bootcamp-201904\\staff\\carme-casserras\\pg\\pg-api\\config.js": {"path":"C:\\Users\\Carme\\Documents\\skylab\\bootcamp\\collab\\skylab-bootcamp-201904\\staff\\carme-casserras\\pg\\pg-api\\config.js","statementMap":{"0":{"start":{"line":1,"column":0},"end":{"line":1,"column":26}},"1":{"start":{"line":11,"column":4},"end":{"line":11,"column":15}},"2":{"start":{"line":13,"column":0},"end":{"line":21,"column":1}}},"fnMap":{},"branchMap":{"0":{"loc":{"start":{"line":10,"column":2},"end":{"line":10,"column":13}},"type":"default-arg","locations":[{"start":{"line":10,"column":9},"end":{"line":10,"column":13}}],"line":10}},"s":{"0":1,"1":1,"2":1},"f":{},"b":{"0":[0]},"_coverageSchema":"43e27e138ebf9cfc5966b082cf9a028302ed4184","hash":"2f3b7dac440196f304f6bc8a30953056d4515291"}
,"C:\\Users\\Carme\\Documents\\skylab\\bootcamp\\collab\\skylab-bootcamp-201904\\staff\\carme-casserras\\pg\\pg-api\\logic\\index.js": {"path":"C:\\Users\\Carme\\Documents\\skylab\\bootcamp\\collab\\skylab-bootcamp-201904\\staff\\carme-casserras\\pg\\pg-api\\logic\\index.js","statementMap":{"0":{"start":{"line":1,"column":17},"end":{"line":1,"column":39}},"1":{"start":{"line":2,"column":23},"end":{"line":2,"column":43}},"2":{"start":{"line":3,"column":19},"end":{"line":3,"column":37}},"3":{"start":{"line":4,"column":15},"end":{"line":4,"column":32}},"4":{"start":{"line":5,"column":20},"end":{"line":5,"column":42}},"5":{"start":{"line":6,"column":19},"end":{"line":6,"column":43}},"6":{"start":{"line":7,"column":71},"end":{"line":7,"column":91}},"7":{"start":{"line":8,"column":28},"end":{"line":8,"column":34}},"8":{"start":{"line":10,"column":14},"end":{"line":259,"column":1}},"9":{"start":{"line":23,"column":8},"end":{"line":27,"column":10}},"10":{"start":{"line":29,"column":8},"end":{"line":29,"column":29}},"11":{"start":{"line":31,"column":8},"end":{"line":40,"column":12}},"12":{"start":{"line":32,"column":26},"end":{"line":32,"column":56}},"13":{"start":{"line":34,"column":12},"end":{"line":34,"column":93}},"14":{"start":{"line":34,"column":30},"end":{"line":34,"column":93}},"15":{"start":{"line":36,"column":36},"end":{"line":36,"column":66}},"16":{"start":{"line":39,"column":12},"end":{"line":39,"column":77}},"17":{"start":{"line":53,"column":8},"end":{"line":56,"column":10}},"18":{"start":{"line":58,"column":8},"end":{"line":58,"column":29}},"19":{"start":{"line":60,"column":8},"end":{"line":70,"column":12}},"20":{"start":{"line":63,"column":25},"end":{"line":63,"column":58}},"21":{"start":{"line":65,"column":12},"end":{"line":65,"column":86}},"22":{"start":{"line":65,"column":23},"end":{"line":65,"column":86}},"23":{"start":{"line":67,"column":12},"end":{"line":67,"column":105}},"24":{"start":{"line":67,"column":64},"end":{"line":67,"column":105}},"25":{"start":{"line":69,"column":12},"end":{"line":69,"column":26}},"26":{"start":{"line":85,"column":8},"end":{"line":87,"column":10}},"27":{"start":{"line":89,"column":8},"end":{"line":95,"column":12}},"28":{"start":{"line":91,"column":25},"end":{"line":91,"column":80}},"29":{"start":{"line":92,"column":12},"end":{"line":92,"column":80}},"30":{"start":{"line":92,"column":23},"end":{"line":92,"column":80}},"31":{"start":{"line":93,"column":12},"end":{"line":93,"column":23}},"32":{"start":{"line":111,"column":8},"end":{"line":117,"column":10}},"33":{"start":{"line":119,"column":8},"end":{"line":136,"column":12}},"34":{"start":{"line":120,"column":12},"end":{"line":124,"column":14}},"35":{"start":{"line":126,"column":26},"end":{"line":132,"column":14}},"36":{"start":{"line":127,"column":37},"end":{"line":130,"column":18}},"37":{"start":{"line":128,"column":20},"end":{"line":128,"column":80}},"38":{"start":{"line":128,"column":29},"end":{"line":128,"column":80}},"39":{"start":{"line":129,"column":20},"end":{"line":129,"column":34}},"40":{"start":{"line":131,"column":16},"end":{"line":131,"column":71}},"41":{"start":{"line":134,"column":12},"end":{"line":134,"column":109}},"42":{"start":{"line":149,"column":8},"end":{"line":153,"column":10}},"43":{"start":{"line":155,"column":8},"end":{"line":163,"column":12}},"44":{"start":{"line":157,"column":12},"end":{"line":162,"column":51}},"45":{"start":{"line":158,"column":30},"end":{"line":158,"column":75}},"46":{"start":{"line":159,"column":16},"end":{"line":159,"column":86}},"47":{"start":{"line":159,"column":28},"end":{"line":159,"column":86}},"48":{"start":{"line":160,"column":16},"end":{"line":160,"column":28}},"49":{"start":{"line":162,"column":25},"end":{"line":162,"column":50}},"50":{"start":{"line":177,"column":8},"end":{"line":180,"column":10}},"51":{"start":{"line":182,"column":8},"end":{"line":188,"column":12}},"52":{"start":{"line":183,"column":12},"end":{"line":187,"column":51}},"53":{"start":{"line":185,"column":16},"end":{"line":185,"column":145}},"54":{"start":{"line":187,"column":25},"end":{"line":187,"column":50}},"55":{"start":{"line":201,"column":8},"end":{"line":204,"column":10}},"56":{"start":{"line":206,"column":8},"end":{"line":214,"column":12}},"57":{"start":{"line":208,"column":24},"end":{"line":208,"column":101}},"58":{"start":{"line":210,"column":35},"end":{"line":210,"column":83}},"59":{"start":{"line":210,"column":55},"end":{"line":210,"column":82}},"60":{"start":{"line":212,"column":12},"end":{"line":212,"column":33}},"61":{"start":{"line":228,"column":8},"end":{"line":230,"column":10}},"62":{"start":{"line":232,"column":8},"end":{"line":236,"column":12}},"63":{"start":{"line":234,"column":12},"end":{"line":234,"column":160}},"64":{"start":{"line":249,"column":8},"end":{"line":252,"column":10}},"65":{"start":{"line":254,"column":8},"end":{"line":257,"column":12}},"66":{"start":{"line":256,"column":12},"end":{"line":256,"column":119}},"67":{"start":{"line":261,"column":0},"end":{"line":261,"column":22}}},"fnMap":{"0":{"name":"(anonymous_0)","decl":{"start":{"line":21,"column":4},"end":{"line":21,"column":5}},"loc":{"start":{"line":21,"column":40},"end":{"line":41,"column":5}},"line":21},"1":{"name":"(anonymous_1)","decl":{"start":{"line":31,"column":16},"end":{"line":31,"column":17}},"loc":{"start":{"line":31,"column":28},"end":{"line":40,"column":9}},"line":31},"2":{"name":"(anonymous_2)","decl":{"start":{"line":52,"column":4},"end":{"line":52,"column":5}},"loc":{"start":{"line":52,"column":38},"end":{"line":71,"column":5}},"line":52},"3":{"name":"(anonymous_3)","decl":{"start":{"line":60,"column":16},"end":{"line":60,"column":17}},"loc":{"start":{"line":60,"column":28},"end":{"line":70,"column":9}},"line":60},"4":{"name":"(anonymous_4)","decl":{"start":{"line":83,"column":4},"end":{"line":83,"column":5}},"loc":{"start":{"line":83,"column":21},"end":{"line":96,"column":5}},"line":83},"5":{"name":"(anonymous_5)","decl":{"start":{"line":89,"column":16},"end":{"line":89,"column":17}},"loc":{"start":{"line":89,"column":28},"end":{"line":95,"column":9}},"line":89},"6":{"name":"(anonymous_6)","decl":{"start":{"line":109,"column":4},"end":{"line":109,"column":5}},"loc":{"start":{"line":109,"column":65},"end":{"line":137,"column":5}},"line":109},"7":{"name":"(anonymous_7)","decl":{"start":{"line":119,"column":16},"end":{"line":119,"column":17}},"loc":{"start":{"line":119,"column":28},"end":{"line":136,"column":9}},"line":119},"8":{"name":"(anonymous_8)","decl":{"start":{"line":126,"column":44},"end":{"line":126,"column":45}},"loc":{"start":{"line":126,"column":65},"end":{"line":132,"column":13}},"line":126},"9":{"name":"(anonymous_9)","decl":{"start":{"line":127,"column":71},"end":{"line":127,"column":72}},"loc":{"start":{"line":127,"column":87},"end":{"line":130,"column":17}},"line":127},"10":{"name":"(anonymous_10)","decl":{"start":{"line":148,"column":4},"end":{"line":148,"column":5}},"loc":{"start":{"line":148,"column":42},"end":{"line":164,"column":5}},"line":148},"11":{"name":"(anonymous_11)","decl":{"start":{"line":155,"column":16},"end":{"line":155,"column":17}},"loc":{"start":{"line":155,"column":28},"end":{"line":163,"column":9}},"line":155},"12":{"name":"(anonymous_12)","decl":{"start":{"line":176,"column":4},"end":{"line":176,"column":5}},"loc":{"start":{"line":176,"column":39},"end":{"line":189,"column":5}},"line":176},"13":{"name":"(anonymous_13)","decl":{"start":{"line":182,"column":16},"end":{"line":182,"column":17}},"loc":{"start":{"line":182,"column":28},"end":{"line":188,"column":9}},"line":182},"14":{"name":"(anonymous_14)","decl":{"start":{"line":200,"column":4},"end":{"line":200,"column":5}},"loc":{"start":{"line":200,"column":31},"end":{"line":216,"column":5}},"line":200},"15":{"name":"(anonymous_15)","decl":{"start":{"line":206,"column":16},"end":{"line":206,"column":17}},"loc":{"start":{"line":206,"column":28},"end":{"line":214,"column":9}},"line":206},"16":{"name":"(anonymous_16)","decl":{"start":{"line":210,"column":46},"end":{"line":210,"column":47}},"loc":{"start":{"line":210,"column":55},"end":{"line":210,"column":82}},"line":210},"17":{"name":"(anonymous_17)","decl":{"start":{"line":227,"column":4},"end":{"line":227,"column":5}},"loc":{"start":{"line":227,"column":33},"end":{"line":237,"column":5}},"line":227},"18":{"name":"(anonymous_18)","decl":{"start":{"line":232,"column":16},"end":{"line":232,"column":17}},"loc":{"start":{"line":232,"column":28},"end":{"line":236,"column":9}},"line":232},"19":{"name":"(anonymous_19)","decl":{"start":{"line":247,"column":4},"end":{"line":247,"column":5}},"loc":{"start":{"line":247,"column":27},"end":{"line":258,"column":5}},"line":247},"20":{"name":"(anonymous_20)","decl":{"start":{"line":254,"column":16},"end":{"line":254,"column":17}},"loc":{"start":{"line":254,"column":28},"end":{"line":257,"column":9}},"line":254}},"branchMap":{"0":{"loc":{"start":{"line":34,"column":12},"end":{"line":34,"column":93}},"type":"if","locations":[{"start":{"line":34,"column":12},"end":{"line":34,"column":93}},{"start":{"line":34,"column":12},"end":{"line":34,"column":93}}],"line":34},"1":{"loc":{"start":{"line":65,"column":12},"end":{"line":65,"column":86}},"type":"if","locations":[{"start":{"line":65,"column":12},"end":{"line":65,"column":86}},{"start":{"line":65,"column":12},"end":{"line":65,"column":86}}],"line":65},"2":{"loc":{"start":{"line":67,"column":12},"end":{"line":67,"column":105}},"type":"if","locations":[{"start":{"line":67,"column":12},"end":{"line":67,"column":105}},{"start":{"line":67,"column":12},"end":{"line":67,"column":105}}],"line":67},"3":{"loc":{"start":{"line":92,"column":12},"end":{"line":92,"column":80}},"type":"if","locations":[{"start":{"line":92,"column":12},"end":{"line":92,"column":80}},{"start":{"line":92,"column":12},"end":{"line":92,"column":80}}],"line":92},"4":{"loc":{"start":{"line":128,"column":20},"end":{"line":128,"column":80}},"type":"if","locations":[{"start":{"line":128,"column":20},"end":{"line":128,"column":80}},{"start":{"line":128,"column":20},"end":{"line":128,"column":80}}],"line":128},"5":{"loc":{"start":{"line":159,"column":16},"end":{"line":159,"column":86}},"type":"if","locations":[{"start":{"line":159,"column":16},"end":{"line":159,"column":86}},{"start":{"line":159,"column":16},"end":{"line":159,"column":86}}],"line":159}},"s":{"0":1,"1":1,"2":1,"3":1,"4":1,"5":1,"6":1,"7":1,"8":1,"9":10,"10":0,"11":0,"12":0,"13":0,"14":0,"15":0,"16":0,"17":2,"18":0,"19":0,"20":0,"21":0,"22":0,"23":0,"24":0,"25":0,"26":0,"27":0,"28":0,"29":0,"30":0,"31":0,"32":1,"33":0,"34":0,"35":0,"36":0,"37":0,"38":0,"39":0,"40":0,"41":0,"42":1,"43":0,"44":0,"45":0,"46":0,"47":0,"48":0,"49":0,"50":1,"51":0,"52":0,"53":0,"54":0,"55":1,"56":1,"57":1,"58":0,"59":0,"60":0,"61":1,"62":0,"63":0,"64":4,"65":3,"66":3,"67":1},"f":{"0":10,"1":0,"2":2,"3":0,"4":0,"5":0,"6":1,"7":0,"8":0,"9":0,"10":1,"11":0,"12":1,"13":0,"14":1,"15":1,"16":0,"17":1,"18":0,"19":4,"20":3},"b":{"0":[0,0],"1":[0,0],"2":[0,0],"3":[0,0],"4":[0,0],"5":[0,0]},"_coverageSchema":"43e27e138ebf9cfc5966b082cf9a028302ed4184","hash":"47d888e45da1a1c4860a82520ff6e7b16948c5d4"}
}
