TN:
SF:C:\Users\Carme\Documents\skylab\bootcamp\collab\skylab-bootcamp-201904\staff\carme-casserras\pg\pg-api\config.js
FNF:0
FNH:0
DA:1,1
DA:11,1
DA:13,1
LF:3
LH:3
BRDA:10,0,0,0
BRF:1
BRH:0
end_of_record
TN:
SF:C:\Users\Carme\Documents\skylab\bootcamp\collab\skylab-bootcamp-201904\staff\carme-casserras\pg\pg-api\logic\index.js
FN:21,(anonymous_0)
FN:31,(anonymous_1)
FN:52,(anonymous_2)
FN:60,(anonymous_3)
FN:83,(anonymous_4)
FN:89,(anonymous_5)
FN:109,(anonymous_6)
FN:119,(anonymous_7)
FN:126,(anonymous_8)
FN:127,(anonymous_9)
FN:148,(anonymous_10)
FN:155,(anonymous_11)
FN:176,(anonymous_12)
FN:182,(anonymous_13)
FN:200,(anonymous_14)
FN:206,(anonymous_15)
FN:210,(anonymous_16)
FN:227,(anonymous_17)
FN:232,(anonymous_18)
FN:247,(anonymous_19)
FN:254,(anonymous_20)
FNF:21
FNH:10
FNDA:10,(anonymous_0)
FNDA:0,(anonymous_1)
FNDA:2,(anonymous_2)
FNDA:0,(anonymous_3)
FNDA:0,(anonymous_4)
FNDA:0,(anonymous_5)
FNDA:1,(anonymous_6)
FNDA:0,(anonymous_7)
FNDA:0,(anonymous_8)
FNDA:0,(anonymous_9)
FNDA:1,(anonymous_10)
FNDA:0,(anonymous_11)
FNDA:1,(anonymous_12)
FNDA:0,(anonymous_13)
FNDA:1,(anonymous_14)
FNDA:1,(anonymous_15)
FNDA:0,(anonymous_16)
FNDA:1,(anonymous_17)
FNDA:0,(anonymous_18)
FNDA:4,(anonymous_19)
FNDA:3,(anonymous_20)
DA:1,1
DA:2,1
DA:3,1
DA:4,1
DA:5,1
DA:6,1
DA:7,1
DA:8,1
DA:10,1
DA:23,10
DA:29,0
DA:31,0
DA:32,0
DA:34,0
DA:36,0
DA:39,0
DA:53,2
DA:58,0
DA:60,0
DA:63,0
DA:65,0
DA:67,0
DA:69,0
DA:85,0
DA:89,0
DA:91,0
DA:92,0
DA:93,0
DA:111,1
DA:119,0
DA:120,0
DA:126,0
DA:127,0
DA:128,0
DA:129,0
DA:131,0
DA:134,0
DA:149,1
DA:155,0
DA:157,0
DA:158,0
DA:159,0
DA:160,0
DA:162,0
DA:177,1
DA:182,0
DA:183,0
DA:185,0
DA:187,0
DA:201,1
DA:206,1
DA:208,1
DA:210,0
DA:212,0
DA:228,1
DA:232,0
DA:234,0
DA:249,4
DA:254,3
DA:256,3
DA:261,1
LF:61
LH:22
BRDA:34,0,0,0
BRDA:34,0,1,0
BRDA:65,1,0,0
BRDA:65,1,1,0
BRDA:67,2,0,0
BRDA:67,2,1,0
BRDA:92,3,0,0
BRDA:92,3,1,0
BRDA:128,4,0,0
BRDA:128,4,1,0
BRDA:159,5,0,0
BRDA:159,5,1,0
BRF:12
BRH:0
end_of_record
